<?xml version="1.0"?>
<testsuite failures="4" skipped="0" name="cucumber-js" time="20.074188496" tests="4">
  <testcase classname="Scenarios related to Users REST API in Reqres System" name="Retrieve a user from the Reqres System" time="5.019423999">
    <failure type="Error" message="function timed out, ensure the promise resolves within 5000 milliseconds"><![CDATA[Error: function timed out, ensure the promise resolves within 5000 milliseconds
    at Timeout.<anonymous> (C:\Polestar\PolestarDemoFramework\node_modules\@cucumber\cucumber\src\time.ts:52:14)
    at listOnTimeout (node:internal/timers:614:17)
    at processTimers (node:internal/timers:549:7)]]></failure>
    <system-out><![CDATA[Given I have an API endpoint "?page=2"....................................passed
When I send a GET request.................................................failed
Then I should receive a response with status 200.........................skipped]]></system-out>
  </testcase>
  <testcase classname="Scenarios related to Users REST API in Reqres System" name="Create a user from the Reqres System" time="5.031833399">
    <failure type="Error" message="function timed out, ensure the promise resolves within 5000 milliseconds"><![CDATA[Error: function timed out, ensure the promise resolves within 5000 milliseconds
    at Timeout.<anonymous> (C:\Polestar\PolestarDemoFramework\node_modules\@cucumber\cucumber\src\time.ts:52:14)
    at listOnTimeout (node:internal/timers:614:17)
    at processTimers (node:internal/timers:549:7)]]></failure>
    <system-out><![CDATA[Given I create a user with the post request to Reqres API with name "Pr...failed
Then I should receive a response with status 201.........................skipped]]></system-out>
  </testcase>
  <testcase classname="Scenarios related to Users REST API in Reqres System" name="Update a user from the Reqres System" time="5.011035999">
    <failure type="Error" message="function timed out, ensure the promise resolves within 5000 milliseconds"><![CDATA[Error: function timed out, ensure the promise resolves within 5000 milliseconds
    at Timeout.<anonymous> (C:\Polestar\PolestarDemoFramework\node_modules\@cucumber\cucumber\src\time.ts:52:14)
    at listOnTimeout (node:internal/timers:614:17)
    at processTimers (node:internal/timers:549:7)]]></failure>
    <system-out><![CDATA[Given I update a user with the put request to Reqres API "/5" name "Pri...failed
Then I should receive a response with status 200.........................skipped]]></system-out>
  </testcase>
  <testcase classname="Scenarios related to Users REST API in Reqres System" name="Delete a user from the Reqres System" time="5.011895098999999">
    <failure type="Error" message="function timed out, ensure the promise resolves within 5000 milliseconds"><![CDATA[Error: function timed out, ensure the promise resolves within 5000 milliseconds
    at Timeout.<anonymous> (C:\Polestar\PolestarDemoFramework\node_modules\@cucumber\cucumber\src\time.ts:52:14)
    at listOnTimeout (node:internal/timers:614:17)
    at processTimers (node:internal/timers:549:7)]]></failure>
    <system-out><![CDATA[Given I delete a user with the delete request to Reqres API "/5"..........failed
Then I should receive a response with status 204.........................skipped]]></system-out>
  </testcase>
</testsuite>